2022-03-14 16:07:42,529 [Worker-1: Loading available Gradle versions] INFO  o.e.b.c.i.u.g.PublishedGradleVersions - Gradle version information cache is out-of-date. Trying to update.
2022-03-30 10:43:56,052 [Worker-2: Loading available Gradle versions] INFO  o.e.b.c.i.u.g.PublishedGradleVersions - Gradle version information cache is up-to-date. Trying to read.
2022-03-30 10:47:03,264 [Worker-2: Importing Maven projects] INFO  o.e.m.c.i.l.LifecycleMappingFactory - Using org.eclipse.m2e.jdt.JarLifecycleMapping lifecycle mapping for MavenProject: com.backyardweddingapp:backyardbackend:0.0.1-SNAPSHOT @ C:\Users\Bviei\Backyard Wedding\Backend\backyardbackend\pom.xml.
2022-03-30 10:47:05,247 [Worker-2: Importing Maven projects] INFO  o.e.m.j.i.AbstractJavaProjectConfigurator - Adding source folder /backyardbackend/src/main/java
2022-03-30 10:47:05,248 [Worker-2: Importing Maven projects] INFO  o.e.m.j.i.AbstractJavaProjectConfigurator - Adding resource folder /backyardbackend/src/main/resources
2022-03-30 10:47:05,261 [Worker-2: Importing Maven projects] INFO  o.e.m.j.i.AbstractJavaProjectConfigurator - Adding resource folder /backyardbackend/src/main/resources
2022-03-30 10:47:05,275 [Worker-2: Importing Maven projects] INFO  o.e.m.j.i.AbstractJavaProjectConfigurator - Adding source folder /backyardbackend/src/test/java
2022-03-30 10:47:08,284 [Worker-2: Importing Maven projects] INFO  o.e.m.c.i.p.ProjectConfigurationManager - Imported and configured 1 project(s) in 7 sec
2022-03-30 10:47:12,119 [Worker-12: Building] INFO  o.e.m.c.i.embedder.EclipseLogger - Using 'UTF-8' encoding to copy filtered resources.
2022-03-30 10:47:12,120 [Worker-12: Building] INFO  o.e.m.c.i.embedder.EclipseLogger - Using 'UTF-8' encoding to copy filtered properties files.
2022-03-30 10:47:12,126 [Worker-12: Building] INFO  o.e.m.c.i.embedder.EclipseLogger - Copying 1 resource
2022-03-30 10:47:12,152 [Worker-12: Building] INFO  o.e.m.c.i.embedder.EclipseLogger - Copying 2 resources
2022-03-30 10:47:12,191 [Worker-12: Building] INFO  o.e.m.c.i.embedder.EclipseLogger - Using 'UTF-8' encoding to copy filtered resources.
2022-03-30 10:47:12,191 [Worker-12: Building] INFO  o.e.m.c.i.embedder.EclipseLogger - Using 'UTF-8' encoding to copy filtered properties files.
2022-03-30 10:47:12,191 [Worker-12: Building] INFO  o.e.m.c.i.embedder.EclipseLogger - skip non existing resourceDirectory C:\Users\Bviei\Backyard Wedding\Backend\backyardbackend\src\test\resources
2022-03-30 10:47:20,251 [Worker-13: Building] INFO  o.e.m.c.i.embedder.EclipseLogger - Using 'UTF-8' encoding to copy filtered resources.
2022-03-30 10:47:20,252 [Worker-13: Building] INFO  o.e.m.c.i.embedder.EclipseLogger - Using 'UTF-8' encoding to copy filtered properties files.
2022-03-30 10:47:20,254 [Worker-13: Building] INFO  o.e.m.c.i.embedder.EclipseLogger - Copying 0 resource
2022-03-30 10:47:20,254 [Worker-13: Building] INFO  o.e.m.c.i.embedder.EclipseLogger - Copying 0 resource
2022-03-30 10:47:20,257 [Worker-13: Building] INFO  o.e.m.c.i.embedder.EclipseLogger - Using 'UTF-8' encoding to copy filtered resources.
2022-03-30 10:47:20,257 [Worker-13: Building] INFO  o.e.m.c.i.embedder.EclipseLogger - Using 'UTF-8' encoding to copy filtered properties files.
2022-03-30 10:47:20,257 [Worker-13: Building] INFO  o.e.m.c.i.embedder.EclipseLogger - skip non existing resourceDirectory C:\Users\Bviei\Backyard Wedding\Backend\backyardbackend\src\test\resources
2022-03-31 10:31:54,245 [Worker-123: Launching BackyardbackendApplication] INFO  o.e.m.c.i.embedder.EclipseLogger - Using 'UTF-8' encoding to copy filtered resources.
2022-03-31 10:31:54,250 [Worker-123: Launching BackyardbackendApplication] INFO  o.e.m.c.i.embedder.EclipseLogger - Using 'UTF-8' encoding to copy filtered properties files.
2022-03-31 10:31:54,255 [Worker-123: Launching BackyardbackendApplication] INFO  o.e.m.c.i.embedder.EclipseLogger - Copying 1 resource
2022-03-31 10:31:54,521 [Worker-123: Launching BackyardbackendApplication] INFO  o.e.m.c.i.embedder.EclipseLogger - Copying 2 resources
2022-03-31 10:31:54,524 [Worker-123: Launching BackyardbackendApplication] INFO  o.e.m.c.i.embedder.EclipseLogger - Using 'UTF-8' encoding to copy filtered resources.
2022-03-31 10:31:54,525 [Worker-123: Launching BackyardbackendApplication] INFO  o.e.m.c.i.embedder.EclipseLogger - Using 'UTF-8' encoding to copy filtered properties files.
2022-03-31 10:31:54,525 [Worker-123: Launching BackyardbackendApplication] INFO  o.e.m.c.i.embedder.EclipseLogger - skip non existing resourceDirectory C:\Users\Bviei\Backyard Wedding\Backend\backyardbackend\src\test\resources
2022-03-31 15:15:27,716 [Worker-196: Building] INFO  o.e.m.c.i.embedder.EclipseLogger - Using 'UTF-8' encoding to copy filtered resources.
2022-03-31 15:15:27,719 [Worker-196: Building] INFO  o.e.m.c.i.embedder.EclipseLogger - Using 'UTF-8' encoding to copy filtered properties files.
2022-03-31 15:15:27,724 [Worker-196: Building] INFO  o.e.m.c.i.embedder.EclipseLogger - Copying 1 resource
2022-03-31 15:15:27,879 [Worker-196: Building] INFO  o.e.m.c.i.embedder.EclipseLogger - Copying 2 resources
2022-03-31 15:15:27,883 [Worker-196: Building] INFO  o.e.m.c.i.embedder.EclipseLogger - Using 'UTF-8' encoding to copy filtered resources.
2022-03-31 15:15:27,884 [Worker-196: Building] INFO  o.e.m.c.i.embedder.EclipseLogger - Using 'UTF-8' encoding to copy filtered properties files.
2022-03-31 15:15:27,884 [Worker-196: Building] INFO  o.e.m.c.i.embedder.EclipseLogger - skip non existing resourceDirectory C:\Users\Bviei\Backyard Wedding\Backend\backyardbackend\src\test\resources
2022-03-31 16:14:11,554 [Worker-221: Building] INFO  o.e.m.c.i.embedder.EclipseLogger - Using 'UTF-8' encoding to copy filtered resources.
2022-03-31 16:14:11,556 [Worker-221: Building] INFO  o.e.m.c.i.embedder.EclipseLogger - Using 'UTF-8' encoding to copy filtered properties files.
2022-03-31 16:14:11,558 [Worker-221: Building] INFO  o.e.m.c.i.embedder.EclipseLogger - Copying 1 resource
2022-03-31 16:14:11,609 [Worker-221: Building] INFO  o.e.m.c.i.embedder.EclipseLogger - Copying 2 resources
2022-03-31 16:14:11,612 [Worker-221: Building] INFO  o.e.m.c.i.embedder.EclipseLogger - Using 'UTF-8' encoding to copy filtered resources.
2022-03-31 16:14:11,613 [Worker-221: Building] INFO  o.e.m.c.i.embedder.EclipseLogger - Using 'UTF-8' encoding to copy filtered properties files.
2022-03-31 16:14:11,613 [Worker-221: Building] INFO  o.e.m.c.i.embedder.EclipseLogger - skip non existing resourceDirectory C:\Users\Bviei\Backyard Wedding\Backend\backyardbackend\src\test\resources
2022-03-31 16:28:38,121 [Worker-226: Building] INFO  o.e.m.c.i.embedder.EclipseLogger - Using 'UTF-8' encoding to copy filtered resources.
2022-03-31 16:28:38,122 [Worker-226: Building] INFO  o.e.m.c.i.embedder.EclipseLogger - Using 'UTF-8' encoding to copy filtered properties files.
2022-03-31 16:28:38,123 [Worker-226: Building] INFO  o.e.m.c.i.embedder.EclipseLogger - Copying 1 resource
2022-03-31 16:28:38,146 [Worker-226: Building] INFO  o.e.m.c.i.embedder.EclipseLogger - Copying 2 resources
2022-03-31 16:28:38,150 [Worker-226: Building] INFO  o.e.m.c.i.embedder.EclipseLogger - Using 'UTF-8' encoding to copy filtered resources.
2022-03-31 16:28:38,150 [Worker-226: Building] INFO  o.e.m.c.i.embedder.EclipseLogger - Using 'UTF-8' encoding to copy filtered properties files.
2022-03-31 16:28:38,151 [Worker-226: Building] INFO  o.e.m.c.i.embedder.EclipseLogger - skip non existing resourceDirectory C:\Users\Bviei\Backyard Wedding\Backend\backyardbackend\src\test\resources
2022-03-31 17:05:12,354 [Worker-243: Building] INFO  o.e.m.c.i.embedder.EclipseLogger - Using 'UTF-8' encoding to copy filtered resources.
2022-03-31 17:05:12,355 [Worker-243: Building] INFO  o.e.m.c.i.embedder.EclipseLogger - Using 'UTF-8' encoding to copy filtered properties files.
2022-03-31 17:05:12,356 [Worker-243: Building] INFO  o.e.m.c.i.embedder.EclipseLogger - Copying 1 resource
2022-03-31 17:05:12,378 [Worker-243: Building] INFO  o.e.m.c.i.embedder.EclipseLogger - Copying 2 resources
2022-03-31 17:05:12,381 [Worker-243: Building] INFO  o.e.m.c.i.embedder.EclipseLogger - Using 'UTF-8' encoding to copy filtered resources.
2022-03-31 17:05:12,381 [Worker-243: Building] INFO  o.e.m.c.i.embedder.EclipseLogger - Using 'UTF-8' encoding to copy filtered properties files.
